<?xml version="1.0" encoding="UTF-8"?>
<!-- Generated by org.testng.reporters.JUnitReportReporter -->
<testsuite hostname="Sys" name="Roughwork.desiredcapabilities" tests="1" failures="0" timestamp="27 Jan 2017 17:35:27 GMT" time="0.038" errors="0">
  <testcase name="desiredclass" time="0.038" classname="Roughwork.desiredcapabilities"/>
</testsuite> <!-- Roughwork.desiredcapabilities -->
