<?xml version="1.0" encoding="UTF-8"?>
<!-- Generated by org.testng.reporters.JUnitReportReporter -->
<testsuite hostname="Sys" name="com.home.selenium.myMavenProject.TestNgExample" tests="1" failures="0" timestamp="5 Dec 2016 16:35:33 GMT" time="0.025" errors="0">
  <testcase name="myExpedia" time="0.025" classname="com.home.selenium.myMavenProject.TestNgExample"/>
</testsuite> <!-- com.home.selenium.myMavenProject.TestNgExample -->
